<?xml version="1.0" encoding="UTF-8"?>
<!-- Generated by org.testng.reporters.JUnitXMLReporter -->
<testsuite ignored="0" hostname="MacBook-Pro.local" failures="0" tests="17" name="Command line test" time="5.146" errors="0" timestamp="2025-09-01T01:57:23 EEST">
  <testcase classname="api.tests.CreatePostTest" name="testCreatePost" time="0.878"/>
  <testcase classname="api.tests.CreatePostTest" name="testCreatePostMissingTitle" time="0.456"/>
  <testcase classname="api.tests.CreatePostTest" name="testCreatePostEmptyFields" time="0.521"/>
  <testcase classname="api.tests.CreatePostTest" name="testCreatePostWrongContentType" time="0.172"/>
  <testcase classname="api.tests.CreatePostTest" name="testCreatePostMalformedJson" time="0.825"/>
  <testcase classname="api.tests.GetSinglePostTest" name="testGetSinglePostValidId" time="0.073"/>
  <testcase classname="api.tests.GetSinglePostTest" name="testGetSinglePostInvalidId" time="0.043"/>
  <testcase classname="api.tests.GetSinglePostTest" name="testGetSinglePostNonExistingId" time="0.042"/>
  <testcase classname="api.tests.DeletePostTest" name="testDeletePostValidId" time="0.18"/>
  <testcase classname="api.tests.DeletePostTest" name="testDeletePostInvalidId" time="0.162"/>
  <testcase classname="api.tests.DeletePostTest" name="testDeletePostNonExistingId" time="0.418"/>
  <testcase classname="api.tests.GetAllPostsTest" name="testGetAllPosts" time="0.12"/>
  <testcase classname="api.tests.GetAllPostsTest" name="testGetAllPostsWrongEndpoint" time="0.037"/>
  <testcase classname="api.tests.GetAllPostsTest" name="testGetAllPostsWrongAcceptHeader" time="0.045"/>
  <testcase classname="api.tests.UpdatePostTest" name="testUpdatePost" time="0.478"/>
  <testcase classname="api.tests.UpdatePostTest" name="testUpdatePostInvalidId" time="0.434"/>
  <testcase classname="api.tests.UpdatePostTest" name="testUpdatePostEmptyFields" time="0.182"/>
</testsuite> <!-- Command line test -->
