<?xml version="1.0" encoding="UTF-8" ?>
<testsuite tests="17" failures="0" name="TestSuite" time="5.074" errors="0" skipped="0">
  <properties>
[...]
</properties>
  <testcase classname="api.tests.CreatePostTest" name="testCreatePost" time="0.879"/>
  <testcase classname="api.tests.CreatePostTest" name="testCreatePostMissingTitle" time="0.456"/>
  <testcase classname="api.tests.CreatePostTest" name="testCreatePostEmptyFields" time="0.521"/>
  <testcase classname="api.tests.CreatePostTest" name="testCreatePostWrongContentType" time="0.172"/>
  <testcase classname="api.tests.CreatePostTest" name="testCreatePostMalformedJson" time="0.826"/>
  <testcase classname="api.tests.GetSinglePostTest" name="testGetSinglePostValidId" time="0.074"/>
  <testcase classname="api.tests.GetSinglePostTest" name="testGetSinglePostInvalidId" time="0.043"/>
  <testcase classname="api.tests.GetSinglePostTest" name="testGetSinglePostNonExistingId" time="0.042"/>
  <testcase classname="api.tests.DeletePostTest" name="testDeletePostValidId" time="0.18"/>
  <testcase classname="api.tests.DeletePostTest" name="testDeletePostInvalidId" time="0.163"/>
  <testcase classname="api.tests.DeletePostTest" name="testDeletePostNonExistingId" time="0.418"/>
  <testcase classname="api.tests.GetAllPostsTest" name="testGetAllPosts" time="0.12"/>
  <testcase classname="api.tests.GetAllPostsTest" name="testGetAllPostsWrongEndpoint" time="0.037"/>
  <testcase classname="api.tests.GetAllPostsTest" name="testGetAllPostsWrongAcceptHeader" time="0.071"/>
  <testcase classname="api.tests.UpdatePostTest" name="testUpdatePost" time="0.455"/>
  <testcase classname="api.tests.UpdatePostTest" name="testUpdatePostInvalidId" time="0.436"/>
  <testcase classname="api.tests.UpdatePostTest" name="testUpdatePostEmptyFields" time="0.181"/>
</testsuite>